[distill] CIFAR10 | ConvNet | ipc=10 | iters=400 | device=cuda

[distill] Experiment 1/1
  iter    0/400 | loss 231.5207 | [2025-06-25 16:13:47]
  iter   10/400 | loss 162.9979 | [2025-06-25 16:14:05]
  iter   20/400 | loss 147.2079 | [2025-06-25 16:14:23]
  iter   30/400 | loss 141.3256 | [2025-06-25 16:14:41]
  iter   40/400 | loss 133.2496 | [2025-06-25 16:14:58]
  iter   50/400 | loss 130.7747 | [2025-06-25 16:15:16]
  iter   60/400 | loss 128.6278 | [2025-06-25 16:15:34]
  iter   70/400 | loss 123.6169 | [2025-06-25 16:15:52]
  iter   80/400 | loss 123.4506 | [2025-06-25 16:16:10]
  iter   90/400 | loss 114.5581 | [2025-06-25 16:16:28]
  iter  100/400 | loss 112.3493 | [2025-06-25 16:16:46]
  iter  110/400 | loss 116.0569 | [2025-06-25 16:17:04]
  iter  120/400 | loss 112.2325 | [2025-06-25 16:17:22]
  iter  130/400 | loss 107.9670 | [2025-06-25 16:17:40]
  iter  140/400 | loss 109.6729 | [2025-06-25 16:17:58]
  iter  150/400 | loss 102.1856 | [2025-06-25 16:18:16]
  iter  160/400 | loss 105.4476 | [2025-06-25 16:18:34]
  iter  170/400 | loss 105.3371 | [2025-06-25 16:18:52]
  iter  180/400 | loss 102.5340 | [2025-06-25 16:19:10]
  iter  190/400 | loss  99.9513 | [2025-06-25 16:19:28]
  iter  200/400 | loss 102.2443 | [2025-06-25 16:19:46]
  iter  210/400 | loss 100.9007 | [2025-06-25 16:20:04]
  iter  220/400 | loss  96.3917 | [2025-06-25 16:20:22]
  iter  230/400 | loss  95.4186 | [2025-06-25 16:20:40]
  iter  240/400 | loss  91.6560 | [2025-06-25 16:20:58]
  iter  250/400 | loss  91.7415 | [2025-06-25 16:21:16]
  iter  260/400 | loss  92.8044 | [2025-06-25 16:21:34]
  iter  270/400 | loss  93.1866 | [2025-06-25 16:21:52]
  iter  280/400 | loss  91.7275 | [2025-06-25 16:22:10]
  iter  290/400 | loss  89.7471 | [2025-06-25 16:22:28]
  iter  300/400 | loss  87.0814 | [2025-06-25 16:22:46]
  iter  310/400 | loss  90.3048 | [2025-06-25 16:23:04]
  iter  320/400 | loss  89.6253 | [2025-06-25 16:23:22]
  iter  330/400 | loss  86.7555 | [2025-06-25 16:23:40]
  iter  340/400 | loss  84.5808 | [2025-06-25 16:23:58]
  iter  350/400 | loss  88.6110 | [2025-06-25 16:24:16]
  iter  360/400 | loss  87.8963 | [2025-06-25 16:24:34]
  iter  370/400 | loss  86.8938 | [2025-06-25 16:24:52]
  iter  380/400 | loss  86.3035 | [2025-06-25 16:25:10]
  iter  390/400 | loss  86.9059 | [2025-06-25 16:25:28]
  iter  400/400 | loss  86.9098 | [2025-06-25 16:25:46]
[distill] Saved -> syndata/CIFAR10_ConvNet_ipc-10_exp-0.pt & grid

[distill] Total runtime: 00:12:27
