[distill] FASHIONMNIST | LeNet | ipc=10 | iters=400 | device=cuda

[distill] Experiment 1/1
  iter    0/400 | loss 121.5911 | [2025-06-25 16:26:18]
  iter   10/400 | loss 113.0898 | [2025-06-25 16:26:28]
  iter   20/400 | loss 112.0875 | [2025-06-25 16:26:38]
  iter   30/400 | loss 105.6322 | [2025-06-25 16:26:48]
  iter   40/400 | loss 108.0294 | [2025-06-25 16:26:58]
  iter   50/400 | loss 107.2357 | [2025-06-25 16:27:08]
  iter   60/400 | loss 103.2481 | [2025-06-25 16:27:17]
  iter   70/400 | loss  87.7852 | [2025-06-25 16:27:27]
  iter   80/400 | loss 102.9439 | [2025-06-25 16:27:37]
  iter   90/400 | loss  93.5556 | [2025-06-25 16:27:47]
  iter  100/400 | loss  95.7952 | [2025-06-25 16:27:56]
  iter  110/400 | loss  93.8070 | [2025-06-25 16:28:06]
  iter  120/400 | loss  88.2834 | [2025-06-25 16:28:16]
  iter  130/400 | loss 103.5017 | [2025-06-25 16:28:26]
  iter  140/400 | loss  97.2792 | [2025-06-25 16:28:36]
  iter  150/400 | loss 104.0840 | [2025-06-25 16:28:46]
  iter  160/400 | loss 101.8106 | [2025-06-25 16:28:56]
  iter  170/400 | loss  93.2864 | [2025-06-25 16:29:06]
  iter  180/400 | loss  94.9570 | [2025-06-25 16:29:16]
  iter  190/400 | loss  89.1151 | [2025-06-25 16:29:26]
  iter  200/400 | loss  96.0127 | [2025-06-25 16:29:36]
  iter  210/400 | loss  93.4051 | [2025-06-25 16:29:46]
  iter  220/400 | loss  89.3179 | [2025-06-25 16:29:56]
  iter  230/400 | loss  83.2567 | [2025-06-25 16:30:06]
  iter  240/400 | loss  83.6073 | [2025-06-25 16:30:16]
  iter  250/400 | loss 101.2042 | [2025-06-25 16:30:26]
  iter  260/400 | loss 102.2914 | [2025-06-25 16:30:36]
  iter  270/400 | loss  91.3907 | [2025-06-25 16:30:46]
  iter  280/400 | loss 107.9927 | [2025-06-25 16:30:56]
  iter  290/400 | loss 105.0350 | [2025-06-25 16:31:06]
  iter  300/400 | loss  86.4813 | [2025-06-25 16:31:16]
  iter  310/400 | loss 100.3408 | [2025-06-25 16:31:26]
  iter  320/400 | loss  85.4128 | [2025-06-25 16:31:36]
  iter  330/400 | loss  93.0336 | [2025-06-25 16:31:46]
  iter  340/400 | loss  90.0748 | [2025-06-25 16:31:56]
  iter  350/400 | loss 101.5952 | [2025-06-25 16:32:06]
  iter  360/400 | loss  82.9901 | [2025-06-25 16:32:16]
  iter  370/400 | loss  76.6497 | [2025-06-25 16:32:26]
  iter  380/400 | loss 105.3617 | [2025-06-25 16:32:35]
  iter  390/400 | loss  97.8970 | [2025-06-25 16:32:45]
  iter  400/400 | loss  84.9462 | [2025-06-25 16:32:55]
[distill] Saved -> syndata/FASHIONMNIST_LeNet_ipc-10_exp-0.pt & grid

[distill] Total runtime: 00:07:12
