[distill] MNIST | LeNet | ipc=10 | iters=400 | device=cuda

[distill] Experiment 1/1
  iter    0/400 | loss 114.8248 | [2025-06-25 16:06:47]
  iter   10/400 | loss 104.0376 | [2025-06-25 16:06:57]
  iter   20/400 | loss 102.5123 | [2025-06-25 16:07:07]
  iter   30/400 | loss 107.3830 | [2025-06-25 16:07:16]
  iter   40/400 | loss 101.3364 | [2025-06-25 16:07:26]
  iter   50/400 | loss  98.2758 | [2025-06-25 16:07:36]
  iter   60/400 | loss 102.2401 | [2025-06-25 16:07:46]
  iter   70/400 | loss 102.3893 | [2025-06-25 16:07:55]
  iter   80/400 | loss  89.1166 | [2025-06-25 16:08:05]
  iter   90/400 | loss  98.9717 | [2025-06-25 16:08:15]
  iter  100/400 | loss  94.7380 | [2025-06-25 16:08:25]
  iter  110/400 | loss 104.6841 | [2025-06-25 16:08:35]
  iter  120/400 | loss 103.5392 | [2025-06-25 16:08:44]
  iter  130/400 | loss  86.7902 | [2025-06-25 16:08:54]
  iter  140/400 | loss  93.4230 | [2025-06-25 16:09:04]
  iter  150/400 | loss  84.5356 | [2025-06-25 16:09:14]
  iter  160/400 | loss  95.1198 | [2025-06-25 16:09:24]
  iter  170/400 | loss  86.5840 | [2025-06-25 16:09:34]
  iter  180/400 | loss  88.3027 | [2025-06-25 16:09:43]
  iter  190/400 | loss 105.6721 | [2025-06-25 16:09:53]
  iter  200/400 | loss  89.8212 | [2025-06-25 16:10:03]
  iter  210/400 | loss  92.6823 | [2025-06-25 16:10:13]
  iter  220/400 | loss  92.3455 | [2025-06-25 16:10:22]
  iter  230/400 | loss  85.1822 | [2025-06-25 16:10:32]
  iter  240/400 | loss  80.2528 | [2025-06-25 16:10:42]
  iter  250/400 | loss  80.1864 | [2025-06-25 16:10:52]
  iter  260/400 | loss  91.7474 | [2025-06-25 16:11:02]
  iter  270/400 | loss  96.0288 | [2025-06-25 16:11:12]
  iter  280/400 | loss  75.2381 | [2025-06-25 16:11:21]
  iter  290/400 | loss  90.4093 | [2025-06-25 16:11:31]
  iter  300/400 | loss  92.8001 | [2025-06-25 16:11:41]
  iter  310/400 | loss  89.9717 | [2025-06-25 16:11:51]
  iter  320/400 | loss  92.1969 | [2025-06-25 16:12:00]
  iter  330/400 | loss  87.2598 | [2025-06-25 16:12:10]
  iter  340/400 | loss  83.7650 | [2025-06-25 16:12:20]
  iter  350/400 | loss  89.6032 | [2025-06-25 16:12:30]
  iter  360/400 | loss  90.0243 | [2025-06-25 16:12:39]
  iter  370/400 | loss  85.2210 | [2025-06-25 16:12:49]
  iter  380/400 | loss  92.7228 | [2025-06-25 16:12:59]
  iter  390/400 | loss  87.3636 | [2025-06-25 16:13:09]
  iter  400/400 | loss  89.6425 | [2025-06-25 16:13:19]
[distill] Saved -> syndata/MNIST_LeNet_ipc-10_exp-0.pt & grid

[distill] Total runtime: 00:06:56
